<?xml version="1.0" encoding="UTF-8"?>
<!-- Generated by org.testng.reporters.JUnitXMLReporter -->
<testsuite hostname="NIT-LPT-R0100" ignored="0" name="Default test" tests="1" failures="0" timestamp="04 Jul 2019 07:06:50 GMT" time="0.039" errors="0">
  <testcase name="@BeforeTest setup" time="0.0" classname="com.appium.base.BaseTest">
    <failure type="org.testng.TestNGException" message="
Parameter &amp;apos;platform&amp;apos; is required by BeforeTest on method setup but has not been marked @Optional or defined
in C:\Users\sagar.sonar\AppData\Local\Temp\testng-eclipse-583965217\testng-customsuite.xml">
      <![CDATA[org.testng.TestNGException: 
Parameter 'platform' is required by BeforeTest on method setup but has not been marked @Optional or defined
in C:\Users\sagar.sonar\AppData\Local\Temp\testng-eclipse-583965217\testng-customsuite.xml
at org.testng.internal.Parameters.createParams(Parameters.java:290)
at org.testng.internal.Parameters.createParametersForMethod(Parameters.java:359)
at org.testng.internal.Parameters.createParameters(Parameters.java:620)
at org.testng.internal.Parameters.createConfigurationParameters(Parameters.java:190)
at org.testng.internal.Invoker.invokeConfigurations(Invoker.java:209)
at org.testng.internal.Invoker.invokeConfigurations(Invoker.java:142)
at org.testng.TestRunner.beforeRun(TestRunner.java:529)
at org.testng.TestRunner.run(TestRunner.java:497)
at org.testng.SuiteRunner.runTest(SuiteRunner.java:455)
at org.testng.SuiteRunner.runSequentially(SuiteRunner.java:450)
at org.testng.SuiteRunner.privateRun(SuiteRunner.java:415)
at org.testng.SuiteRunner.run(SuiteRunner.java:364)
at org.testng.SuiteRunnerWorker.runSuite(SuiteRunnerWorker.java:52)
at org.testng.SuiteRunnerWorker.run(SuiteRunnerWorker.java:84)
at org.testng.TestNG.runSuitesSequentially(TestNG.java:1208)
at org.testng.TestNG.runSuitesLocally(TestNG.java:1137)
at org.testng.TestNG.runSuites(TestNG.java:1049)
at org.testng.TestNG.run(TestNG.java:1017)
at org.testng.remote.AbstractRemoteTestNG.run(AbstractRemoteTestNG.java:115)
at org.testng.remote.RemoteTestNG.initAndRun(RemoteTestNG.java:251)
at org.testng.remote.RemoteTestNG.main(RemoteTestNG.java:77)
]]>
    </failure>
  </testcase> <!-- @BeforeTest setup -->
  <testcase name="@BeforeClass initReport" time="0.0" classname="com.appium.base.BaseTest">
    <skipped/>
  </testcase> <!-- @BeforeClass initReport -->
  <testcase name="@BeforeClass PlanFinderParent" time="0.0" classname="com.appium.testcase.LoginTest">
    <skipped/>
  </testcase> <!-- @BeforeClass PlanFinderParent -->
  <testcase name="@AfterMethod getReport" time="0.0" classname="com.appium.base.BaseTest">
    <skipped/>
  </testcase> <!-- @AfterMethod getReport -->
  <testcase name="@AfterClass afterClass" time="0.0" classname="com.appium.base.BaseTest">
    <skipped/>
  </testcase> <!-- @AfterClass afterClass -->
  <testcase name="@AfterTest endTest" time="0.0" classname="com.appium.base.BaseTest">
    <skipped/>
  </testcase> <!-- @AfterTest endTest -->
  <testcase name="verify_loginfunctionality_for_valid_credentials" time="0.0" classname="com.appium.testcase.LoginTest">
    <skipped/>
  </testcase> <!-- verify_loginfunctionality_for_valid_credentials -->
</testsuite> <!-- Default test -->
