<?xml version="1.0" encoding="UTF-8"?>
<!-- Generated by org.testng.reporters.JUnitXMLReporter -->
<testsuite hostname="NIT-LPT-R0100" ignored="0" name="Test" tests="1" failures="1" timestamp="20 Jun 2019 12:04:02 GMT" time="18.085" errors="0">
  <testcase name="verify_loginfunctionality_for_valid_credentials" time="1.144" classname="com.appium.testcase.LoginTest">
    <failure type="java.lang.NullPointerException">
      <![CDATA[java.lang.NullPointerException
at com.appium.pages.LoginPage.signIn(LoginPage.java:46)
at com.appium.testcase.LoginTest.verify_loginfunctionality_for_valid_credentials(LoginTest.java:21)
... Removed 25 stack frames]]>
    </failure>
  </testcase> <!-- verify_loginfunctionality_for_valid_credentials -->
</testsuite> <!-- Test -->
