<?xml version="1.0" encoding="UTF-8"?>
<testng-results skipped="0" failed="1" ignored="0" total="1" passed="0">
  <reporter-output>
  </reporter-output>
  <suite name="Suite" duration-ms="18915" started-at="2019-07-11T06:17:53Z" finished-at="2019-07-11T06:18:12Z">
    <groups>
    </groups>
    <test name="Android emulator1" duration-ms="18915" started-at="2019-07-11T06:17:53Z" finished-at="2019-07-11T06:18:12Z">
      <class name="com.appium.testcase.LoginTest">
        <test-method status="PASS" signature="initReport()[pri:0, instance:com.appium.testcase.LoginTest@49fc609f]" name="initReport" is-config="true" duration-ms="117" started-at="2019-07-11T06:17:53Z" finished-at="2019-07-11T06:17:53Z">
          <reporter-output>
          </reporter-output>
        </test-method> <!-- initReport -->
        <test-method status="PASS" signature="PlanFinderParent()[pri:0, instance:com.appium.testcase.LoginTest@49fc609f]" name="PlanFinderParent" is-config="true" duration-ms="2" started-at="2019-07-11T06:17:53Z" finished-at="2019-07-11T06:17:53Z">
          <reporter-output>
          </reporter-output>
        </test-method> <!-- PlanFinderParent -->
        <test-method status="PASS" signature="setup(java.lang.String, java.lang.String, java.lang.String, java.lang.String)[pri:0, instance:com.appium.testcase.LoginTest@49fc609f]" name="setup" is-config="true" duration-ms="12718" started-at="2019-07-11T06:17:53Z" finished-at="2019-07-11T06:18:06Z">
          <params>
            <param index="0">
              <value>
                <![CDATA[android]]>
              </value>
            </param>
            <param index="1">
              <value>
                <![CDATA[emulator-5554]]>
              </value>
            </param>
            <param index="2">
              <value>
                <![CDATA[http://127.0.0.1:4723/wd/hub]]>
              </value>
            </param>
            <param index="3">
              <value>
                <![CDATA[9]]>
              </value>
            </param>
          </params>
          <reporter-output>
          </reporter-output>
        </test-method> <!-- setup -->
        <test-method status="FAIL" signature="Verify_Login_Functionality_For_Valid_credentials()[pri:0, instance:com.appium.testcase.LoginTest@49fc609f]" name="Verify_Login_Functionality_For_Valid_credentials" duration-ms="4236" started-at="2019-07-11T06:18:06Z" finished-at="2019-07-11T06:18:10Z">
          <exception class="java.lang.AssertionError">
            <message>
              <![CDATA[expected [false] but found [true]]]>
            </message>
            <full-stacktrace>
              <![CDATA[java.lang.AssertionError: expected [false] but found [true]
at org.testng.Assert.fail(Assert.java:96)
at org.testng.Assert.failNotEquals(Assert.java:776)
at org.testng.Assert.assertEqualsImpl(Assert.java:137)
at org.testng.Assert.assertEquals(Assert.java:118)
at org.testng.Assert.assertEquals(Assert.java:568)
at org.testng.Assert.assertEquals(Assert.java:578)
at com.appium.testcase.LoginTest.Verify_Login_Functionality_For_Valid_credentials(LoginTest.java:36)
at sun.reflect.NativeMethodAccessorImpl.invoke0(Native Method)
at sun.reflect.NativeMethodAccessorImpl.invoke(Unknown Source)
at sun.reflect.DelegatingMethodAccessorImpl.invoke(Unknown Source)
at java.lang.reflect.Method.invoke(Unknown Source)
at org.testng.internal.MethodInvocationHelper.invokeMethod(MethodInvocationHelper.java:124)
at org.testng.internal.Invoker.invokeMethod(Invoker.java:583)
at org.testng.internal.Invoker.invokeTestMethod(Invoker.java:719)
at org.testng.internal.Invoker.invokeTestMethods(Invoker.java:989)
at org.testng.internal.TestMethodWorker.invokeTestMethods(TestMethodWorker.java:125)
at org.testng.internal.TestMethodWorker.run(TestMethodWorker.java:109)
at org.testng.TestRunner.privateRun(TestRunner.java:648)
at org.testng.TestRunner.run(TestRunner.java:505)
at org.testng.SuiteRunner.runTest(SuiteRunner.java:455)
at org.testng.SuiteRunner.access$000(SuiteRunner.java:40)
at org.testng.SuiteRunner$SuiteWorker.run(SuiteRunner.java:489)
at org.testng.internal.thread.ThreadUtil$1.call(ThreadUtil.java:52)
at java.util.concurrent.FutureTask.run(Unknown Source)
at java.util.concurrent.ThreadPoolExecutor.runWorker(Unknown Source)
at java.util.concurrent.ThreadPoolExecutor$Worker.run(Unknown Source)
at java.lang.Thread.run(Unknown Source)
]]>
            </full-stacktrace>
          </exception> <!-- java.lang.AssertionError -->
          <reporter-output>
          </reporter-output>
        </test-method> <!-- Verify_Login_Functionality_For_Valid_credentials -->
        <test-method status="PASS" signature="getReport(org.testng.ITestResult)[pri:0, instance:com.appium.testcase.LoginTest@49fc609f]" name="getReport" is-config="true" duration-ms="1325" started-at="2019-07-11T06:18:10Z" finished-at="2019-07-11T06:18:11Z">
          <params>
            <param index="0">
              <value>
                <![CDATA[[TestResult name=Verify_Login_Functionality_For_Valid_credentials status=FAILURE method=LoginTest.Verify_Login_Functionality_For_Valid_credentials()[pri:0, instance:com.appium.testcase.LoginTest@49fc609f] output={null}]]]>
              </value>
            </param>
          </params>
          <reporter-output>
          </reporter-output>
        </test-method> <!-- getReport -->
        <test-method status="PASS" signature="afterClass()[pri:0, instance:com.appium.testcase.LoginTest@49fc609f]" name="afterClass" is-config="true" duration-ms="498" started-at="2019-07-11T06:18:11Z" finished-at="2019-07-11T06:18:12Z">
          <reporter-output>
          </reporter-output>
        </test-method> <!-- afterClass -->
        <test-method status="PASS" signature="sendEmailableReport()[pri:0, instance:com.appium.testcase.LoginTest@49fc609f]" name="sendEmailableReport" is-config="true" duration-ms="1309" started-at="2019-07-11T06:18:12Z" finished-at="2019-07-11T06:18:13Z">
          <reporter-output>
          </reporter-output>
        </test-method> <!-- sendEmailableReport -->
      </class> <!-- com.appium.testcase.LoginTest -->
    </test> <!-- Android emulator1 -->
  </suite> <!-- Suite -->
</testng-results>
